<?xml version="1.0" encoding="UTF-8"?>
<testng-results skipped="0" failed="0" ignored="0" total="9" passed="9">
  <reporter-output>
  </reporter-output>
  <suite name="Surefire suite" duration-ms="815" started-at="2020-04-12T22:48:43 EDT" finished-at="2020-04-12T22:48:44 EDT">
    <groups>
    </groups>
    <test name="Surefire test" duration-ms="815" started-at="2020-04-12T22:48:43 EDT" finished-at="2020-04-12T22:48:44 EDT">
      <class name="mockito.CategoryServiceImplTest">
        <test-method status="PASS" signature="delete()" name="delete" duration-ms="695" started-at="2020-04-12T22:48:44 EDT" finished-at="2020-04-12T22:48:44 EDT">
          <reporter-output>
          </reporter-output>
        </test-method> <!-- delete -->
        <test-method status="PASS" signature="findAll()" name="findAll" duration-ms="697" started-at="2020-04-12T22:48:44 EDT" finished-at="2020-04-12T22:48:44 EDT">
          <reporter-output>
          </reporter-output>
        </test-method> <!-- findAll -->
        <test-method status="PASS" signature="findOne()" name="findOne" duration-ms="697" started-at="2020-04-12T22:48:44 EDT" finished-at="2020-04-12T22:48:44 EDT">
          <reporter-output>
          </reporter-output>
        </test-method> <!-- findOne -->
        <test-method status="PASS" signature="save()" name="save" duration-ms="698" started-at="2020-04-12T22:48:44 EDT" finished-at="2020-04-12T22:48:44 EDT">
          <reporter-output>
          </reporter-output>
        </test-method> <!-- save -->
      </class> <!-- mockito.CategoryServiceImplTest -->
      <class name="mockito.UsersServiceImplTest">
        <test-method status="PASS" signature="findAll()" name="findAll" duration-ms="32" started-at="2020-04-12T22:48:44 EDT" finished-at="2020-04-12T22:48:44 EDT">
          <reporter-output>
          </reporter-output>
        </test-method> <!-- findAll -->
        <test-method status="PASS" signature="getUserIdByUsername()" name="getUserIdByUsername" duration-ms="32" started-at="2020-04-12T22:48:44 EDT" finished-at="2020-04-12T22:48:44 EDT">
          <reporter-output>
          </reporter-output>
        </test-method> <!-- getUserIdByUsername -->
        <test-method status="PASS" signature="makeNonActive()" name="makeNonActive" duration-ms="35" started-at="2020-04-12T22:48:44 EDT" finished-at="2020-04-12T22:48:44 EDT">
          <reporter-output>
          </reporter-output>
        </test-method> <!-- makeNonActive -->
        <test-method status="PASS" signature="getLoginUserById()" name="getLoginUserById" duration-ms="33" started-at="2020-04-12T22:48:44 EDT" finished-at="2020-04-12T22:48:44 EDT">
          <reporter-output>
          </reporter-output>
        </test-method> <!-- getLoginUserById -->
        <test-method status="PASS" signature="findOne()" name="findOne" duration-ms="32" started-at="2020-04-12T22:48:44 EDT" finished-at="2020-04-12T22:48:44 EDT">
          <reporter-output>
          </reporter-output>
        </test-method> <!-- findOne -->
      </class> <!-- mockito.UsersServiceImplTest -->
    </test> <!-- Surefire test -->
  </suite> <!-- Surefire suite -->
</testng-results>
