<?xml version="1.0" encoding="UTF-8"?>
<!-- Generated by org.testng.reporters.JUnitXMLReporter -->
<testsuite hostname="LAPTOP-DECM9G82" ignored="0" name="Surefire test" tests="8" failures="0" timestamp="2020-04-12T22:48:50 EDT" time="1.883" errors="0">
  <testcase name="delete on delete(mockito.CategoryControllerTest)" time="1.265" classname="mockito.CategoryControllerTest"/>
  <testcase name="addCategory on addCategory(mockito.CategoryControllerTest)" time="1.491" classname="mockito.CategoryControllerTest"/>
  <testcase name="findAll on findAll(mockito.CategoryControllerTest)" time="1.623" classname="mockito.CategoryControllerTest"/>
  <testcase name="findCount on findCount(mockito.CategoryControllerTest)" time="1.663" classname="mockito.CategoryControllerTest"/>
  <testcase name="getUserIdByUserName on getUserIdByUserName(mockito.UsersControllerTest)" time="0.071" classname="mockito.UsersControllerTest"/>
  <testcase name="getUser on getUser(mockito.UsersControllerTest)" time="0.095" classname="mockito.UsersControllerTest"/>
  <testcase name="deleteUser on deleteUser(mockito.UsersControllerTest)" time="0.117" classname="mockito.UsersControllerTest"/>
  <testcase name="getUsers on getUsers(mockito.UsersControllerTest)" time="0.14" classname="mockito.UsersControllerTest"/>
</testsuite> <!-- Surefire test -->
