<?xml version="1.0" encoding="UTF-8"?>
<!-- Generated by org.testng.reporters.JUnitXMLReporter -->
<testsuite hostname="LAPTOP-DECM9G82" ignored="0" name="Surefire test" tests="9" failures="0" timestamp="2020-04-12T22:48:44 EDT" time="0.815" errors="0">
  <testcase name="delete on delete(mockito.CategoryServiceImplTest)" time="0.695" classname="mockito.CategoryServiceImplTest"/>
  <testcase name="findAll on findAll(mockito.CategoryServiceImplTest)" time="0.697" classname="mockito.CategoryServiceImplTest"/>
  <testcase name="findOne on findOne(mockito.CategoryServiceImplTest)" time="0.697" classname="mockito.CategoryServiceImplTest"/>
  <testcase name="save on save(mockito.CategoryServiceImplTest)" time="0.698" classname="mockito.CategoryServiceImplTest"/>
  <testcase name="findAll on findAll(mockito.UsersServiceImplTest)" time="0.032" classname="mockito.UsersServiceImplTest"/>
  <testcase name="findOne on findOne(mockito.UsersServiceImplTest)" time="0.032" classname="mockito.UsersServiceImplTest"/>
  <testcase name="getUserIdByUsername on getUserIdByUsername(mockito.UsersServiceImplTest)" time="0.032" classname="mockito.UsersServiceImplTest"/>
  <testcase name="getLoginUserById on getLoginUserById(mockito.UsersServiceImplTest)" time="0.033" classname="mockito.UsersServiceImplTest"/>
  <testcase name="makeNonActive on makeNonActive(mockito.UsersServiceImplTest)" time="0.035" classname="mockito.UsersServiceImplTest"/>
</testsuite> <!-- Surefire test -->
